broad_vision alexnet float32 latency auto_channels_last_jit 647.387
broad_vision densenet121 float32 latency auto_channels_last_jit 409.653
broad_vision densenet161 float32 latency auto_channels_last_jit 176.592
broad_vision densenet169 float32 latency auto_channels_last_jit 351.913
broad_vision densenet201 float32 latency auto_channels_last_jit 266.348
broad_vision efficientnet_b0 float32 latency auto_channels_last_jit 1594.656
broad_vision efficientnet_b1 float32 latency auto_channels_last_jit 997.488
broad_vision efficientnet_b2 float32 latency auto_channels_last_jit 744.955
broad_vision efficientnet_b3 float32 latency auto_channels_last_jit 406.045
broad_vision efficientnet_b4 float32 latency auto_channels_last_jit 176.956
broad_vision efficientnet_b5 float32 latency auto_channels_last_jit 76.833
broad_vision efficientnet_b6 float32 latency auto_channels_last_jit 43.457
broad_vision efficientnet_b7 float32 latency auto_channels_last_jit 22.513
broad_vision fbnetc_100 float32 latency auto_channels_last_jit 2064.096
broad_vision googlenet float32 latency auto_channels_last_jit 986.447
broad_vision inception_v3 float32 latency auto_channels_last_jit 593.136
broad_vision mnasnet0_5 float32 latency auto_channels_last_jit 6502.078
broad_vision mnasnet0_75 float32 latency auto_channels_last_jit 3854.113
broad_vision mnasnet1_0 float32 latency auto_channels_last_jit 3182.552
broad_vision mnasnet1_3 float32 latency auto_channels_last_jit 1948.778
broad_vision mobilenet_v2 float32 latency auto_channels_last_jit 2384.303
broad_vision mobilenet_v3_small float32 latency auto_channels_last_jit 7608.857
broad_vision mobilenet_v3_large float32 latency auto_channels_last_jit 2826.488
broad_vision resnet18 float32 latency auto_channels_last_jit 1084.850
broad_vision resnet34 float32 latency auto_channels_last_jit 544.527
broad_vision resnet50 float32 latency auto_channels_last_jit 468.818
broad_vision resnet101 float32 latency auto_channels_last_jit 246.667
broad_vision resnet152 float32 latency auto_channels_last_jit 135.611
broad_vision resnext50_32x4d float32 latency auto_channels_last_jit 393.338
broad_vision resnext101_32x8d float32 latency auto_channels_last_jit 82.381
broad_vision shufflenet_v2_x0_5 float32 latency auto_channels_last_jit 8845.876
broad_vision shufflenet_v2_x1_0 float32 latency auto_channels_last_jit 5256.745
broad_vision shufflenet_v2_x1_5 float32 latency auto_channels_last_jit 3511.844
broad_vision shufflenet_v2_x2_0 float32 latency auto_channels_last_jit 1915.022
broad_vision spnasnet_100 float32 latency auto_channels_last_jit 2840.565
broad_vision squeezenet1_0 float32 latency auto_channels_last_jit 1598.832
broad_vision squeezenet1_1 float32 latency auto_channels_last_jit 3326.117
broad_vision vgg11 float32 latency auto_channels_last_jit 165.067
broad_vision vgg11_bn float32 latency auto_channels_last_jit 164.797
broad_vision vgg13 float32 latency auto_channels_last_jit 129.298
broad_vision vgg13_bn float32 latency auto_channels_last_jit 129.110
broad_vision vgg16 float32 latency auto_channels_last_jit 101.480
broad_vision vgg16_bn float32 latency auto_channels_last_jit 101.822
broad_vision vgg19 float32 latency auto_channels_last_jit 80.844
broad_vision vgg19_bn float32 latency auto_channels_last_jit 80.866
broad_vision wide_resnet50_2 float32 latency auto_channels_last_jit 137.344
broad_vision wide_resnet101_2 float32 latency auto_channels_last_jit 48.475
broad_vision vit_b_16 float32 latency auto_channels_last_jit 86.605
broad_vision vit_b_32 float32 latency auto_channels_last_jit 223.263
broad_vision vit_l_16 float32 latency auto_channels_last_jit 13.450
broad_vision vit_l_32 float32 latency auto_channels_last_jit 32.699
broad_vision convnext_tiny float32 latency auto_channels_last_jit 273.052
broad_vision convnext_small float32 latency auto_channels_last_jit 160.499
broad_vision convnext_base float32 latency auto_channels_last_jit 87.612
broad_vision convnext_large float32 latency auto_channels_last_jit 32.271
broad_vision regnet_y_400mf float32 latency auto_channels_last_jit 2533.418
broad_vision regnet_y_800mf float32 latency auto_channels_last_jit 1704.875
broad_vision regnet_y_1_6gf float32 latency auto_channels_last_jit 907.688
broad_vision regnet_y_3_2gf float32 latency auto_channels_last_jit 499.891
broad_vision regnet_y_8gf float32 latency auto_channels_last_jit 190.480
broad_vision regnet_y_16gf float32 latency auto_channels_last_jit 85.617
broad_vision regnet_y_32gf float32 latency auto_channels_last_jit 29.221
broad_vision regnet_x_400mf float32 latency auto_channels_last_jit 3106.784
broad_vision regnet_x_800mf float32 latency auto_channels_last_jit 1893.188
broad_vision regnet_x_1_6gf float32 latency auto_channels_last_jit 898.239
broad_vision regnet_x_3_2gf float32 latency auto_channels_last_jit 639.045
broad_vision regnet_x_8gf float32 latency auto_channels_last_jit 210.707
broad_vision regnet_x_16gf float32 latency auto_channels_last_jit 108.654
broad_vision regnet_x_32gf float32 latency auto_channels_last_jit 31.932
