broad_vision alexnet float32 latency manual_channels_last_jit 630.165
broad_vision densenet121 float32 latency manual_channels_last_jit 424.690
broad_vision densenet161 float32 latency manual_channels_last_jit 176.348
broad_vision densenet169 float32 latency manual_channels_last_jit 346.305
broad_vision densenet201 float32 latency manual_channels_last_jit 265.590
broad_vision efficientnet_b0 float32 latency manual_channels_last_jit 1560.451
broad_vision efficientnet_b1 float32 latency manual_channels_last_jit 976.431
broad_vision efficientnet_b2 float32 latency manual_channels_last_jit 739.314
broad_vision efficientnet_b3 float32 latency manual_channels_last_jit 404.099
broad_vision efficientnet_b4 float32 latency manual_channels_last_jit 177.468
broad_vision efficientnet_b5 float32 latency manual_channels_last_jit 77.726
broad_vision efficientnet_b6 float32 latency manual_channels_last_jit 43.790
broad_vision efficientnet_b7 float32 latency manual_channels_last_jit 22.085
broad_vision fbnetc_100 float32 latency manual_channels_last_jit 2295.445
broad_vision googlenet float32 latency manual_channels_last_jit 913.048
broad_vision inception_v3 float32 latency manual_channels_last_jit 607.765
broad_vision mnasnet0_5 float32 latency manual_channels_last_jit 6337.486
broad_vision mnasnet0_75 float32 latency manual_channels_last_jit 3963.025
broad_vision mnasnet1_0 float32 latency manual_channels_last_jit 3159.826
broad_vision mnasnet1_3 float32 latency manual_channels_last_jit 1927.868
broad_vision mobilenet_v2 float32 latency manual_channels_last_jit 2455.049
broad_vision mobilenet_v3_small float32 latency manual_channels_last_jit 7193.546
broad_vision mobilenet_v3_large float32 latency manual_channels_last_jit 2831.143
broad_vision resnet18 float32 latency manual_channels_last_jit 1087.085
broad_vision resnet34 float32 latency manual_channels_last_jit 573.507
broad_vision resnet50 float32 latency manual_channels_last_jit 469.576
broad_vision resnet101 float32 latency manual_channels_last_jit 247.717
broad_vision resnet152 float32 latency manual_channels_last_jit 141.209
broad_vision resnext50_32x4d float32 latency manual_channels_last_jit 413.177
broad_vision resnext101_32x8d float32 latency manual_channels_last_jit 82.246
broad_vision shufflenet_v2_x0_5 float32 latency manual_channels_last_jit 8739.138
broad_vision shufflenet_v2_x1_0 float32 latency manual_channels_last_jit 5252.892
broad_vision shufflenet_v2_x1_5 float32 latency manual_channels_last_jit 3408.126
broad_vision shufflenet_v2_x2_0 float32 latency manual_channels_last_jit 1954.067
broad_vision spnasnet_100 float32 latency manual_channels_last_jit 2806.431
broad_vision squeezenet1_0 float32 latency manual_channels_last_jit 1516.889
broad_vision squeezenet1_1 float32 latency manual_channels_last_jit 3327.446
broad_vision vgg11 float32 latency manual_channels_last_jit 165.078
broad_vision vgg11_bn float32 latency manual_channels_last_jit 162.647
broad_vision vgg13 float32 latency manual_channels_last_jit 128.861
broad_vision vgg13_bn float32 latency manual_channels_last_jit 129.184
broad_vision vgg16 float32 latency manual_channels_last_jit 101.247
broad_vision vgg16_bn float32 latency manual_channels_last_jit 94.804
broad_vision vgg19 float32 latency manual_channels_last_jit 80.933
broad_vision vgg19_bn float32 latency manual_channels_last_jit 80.919
broad_vision wide_resnet50_2 float32 latency manual_channels_last_jit 137.496
broad_vision wide_resnet101_2 float32 latency manual_channels_last_jit 48.526
broad_vision vit_b_16 float32 latency manual_channels_last_jit 86.553
broad_vision vit_b_32 float32 latency manual_channels_last_jit 223.486
broad_vision vit_l_16 float32 latency manual_channels_last_jit 13.543
broad_vision vit_l_32 float32 latency manual_channels_last_jit 27.670
broad_vision convnext_tiny float32 latency manual_channels_last_jit 272.389
broad_vision convnext_small float32 latency manual_channels_last_jit 160.266
broad_vision convnext_base float32 latency manual_channels_last_jit 87.371
broad_vision convnext_large float32 latency manual_channels_last_jit 32.244
broad_vision regnet_y_400mf float32 latency manual_channels_last_jit 2600.536
broad_vision regnet_y_800mf float32 latency manual_channels_last_jit 1706.395
broad_vision regnet_y_1_6gf float32 latency manual_channels_last_jit 906.494
broad_vision regnet_y_3_2gf float32 latency manual_channels_last_jit 499.404
broad_vision regnet_y_8gf float32 latency manual_channels_last_jit 189.472
broad_vision regnet_y_16gf float32 latency manual_channels_last_jit 85.675
broad_vision regnet_y_32gf float32 latency manual_channels_last_jit 29.238
broad_vision regnet_x_400mf float32 latency manual_channels_last_jit 3263.730
broad_vision regnet_x_800mf float32 latency manual_channels_last_jit 1933.929
broad_vision regnet_x_1_6gf float32 latency manual_channels_last_jit 898.397
broad_vision regnet_x_3_2gf float32 latency manual_channels_last_jit 622.362
broad_vision regnet_x_8gf float32 latency manual_channels_last_jit 224.905
broad_vision regnet_x_16gf float32 latency manual_channels_last_jit 108.576
broad_vision regnet_x_32gf float32 latency manual_channels_last_jit 31.920
