broad_vision alexnet float32 latency without_channels_last_jit 628.524
broad_vision densenet121 float32 latency without_channels_last_jit 309.479
broad_vision densenet161 float32 latency without_channels_last_jit 133.211
broad_vision densenet169 float32 latency without_channels_last_jit 245.495
broad_vision densenet201 float32 latency without_channels_last_jit 186.958
broad_vision efficientnet_b0 float32 latency without_channels_last_jit 810.880
broad_vision efficientnet_b1 float32 latency without_channels_last_jit 488.984
broad_vision efficientnet_b2 float32 latency without_channels_last_jit 302.381
broad_vision efficientnet_b3 float32 latency without_channels_last_jit 160.491
broad_vision efficientnet_b4 float32 latency without_channels_last_jit 70.294
broad_vision efficientnet_b5 float32 latency without_channels_last_jit 34.417
broad_vision efficientnet_b6 float32 latency without_channels_last_jit 20.313
broad_vision efficientnet_b7 float32 latency without_channels_last_jit 9.611
broad_vision fbnetc_100 float32 latency without_channels_last_jit 1127.662
broad_vision googlenet float32 latency without_channels_last_jit 465.457
broad_vision inception_v3 float32 latency without_channels_last_jit 349.665
broad_vision mnasnet0_5 float32 latency without_channels_last_jit 3610.453
broad_vision mnasnet0_75 float32 latency without_channels_last_jit 1567.495
broad_vision mnasnet1_0 float32 latency without_channels_last_jit 1297.915
broad_vision mnasnet1_3 float32 latency without_channels_last_jit 819.012
broad_vision mobilenet_v2 float32 latency without_channels_last_jit 926.821
broad_vision mobilenet_v3_small float32 latency without_channels_last_jit 4695.924
broad_vision mobilenet_v3_large float32 latency without_channels_last_jit 1479.193
broad_vision resnet18 float32 latency without_channels_last_jit 861.185
broad_vision resnet34 float32 latency without_channels_last_jit 477.871
broad_vision resnet50 float32 latency without_channels_last_jit 269.776
broad_vision resnet101 float32 latency without_channels_last_jit 158.552
broad_vision resnet152 float32 latency without_channels_last_jit 96.195
broad_vision resnext50_32x4d float32 latency without_channels_last_jit 232.733
broad_vision resnext101_32x8d float32 latency without_channels_last_jit 57.437
broad_vision shufflenet_v2_x0_5 float32 latency without_channels_last_jit 5460.282
broad_vision shufflenet_v2_x1_0 float32 latency without_channels_last_jit 3367.365
broad_vision shufflenet_v2_x1_5 float32 latency without_channels_last_jit 2315.754
broad_vision shufflenet_v2_x2_0 float32 latency without_channels_last_jit 1400.515
broad_vision spnasnet_100 float32 latency without_channels_last_jit 1148.197
broad_vision squeezenet1_0 float32 latency without_channels_last_jit 782.261
broad_vision squeezenet1_1 float32 latency without_channels_last_jit 1459.868
broad_vision vgg11 float32 latency without_channels_last_jit 132.301
broad_vision vgg11_bn float32 latency without_channels_last_jit 133.670
broad_vision vgg13 float32 latency without_channels_last_jit 105.681
broad_vision vgg13_bn float32 latency without_channels_last_jit 103.361
broad_vision vgg16 float32 latency without_channels_last_jit 82.120
broad_vision vgg16_bn float32 latency without_channels_last_jit 82.341
broad_vision vgg19 float32 latency without_channels_last_jit 69.024
broad_vision vgg19_bn float32 latency without_channels_last_jit 69.204
broad_vision wide_resnet50_2 float32 latency without_channels_last_jit 105.372
broad_vision wide_resnet101_2 float32 latency without_channels_last_jit 40.813
broad_vision vit_b_16 float32 latency without_channels_last_jit 85.438
broad_vision vit_b_32 float32 latency without_channels_last_jit 223.488
broad_vision vit_l_16 float32 latency without_channels_last_jit 13.463
broad_vision vit_l_32 float32 latency without_channels_last_jit 30.220
broad_vision convnext_tiny float32 latency without_channels_last_jit 271.762
broad_vision convnext_small float32 latency without_channels_last_jit 160.204
broad_vision convnext_base float32 latency without_channels_last_jit 87.495
broad_vision convnext_large float32 latency without_channels_last_jit 32.087
broad_vision regnet_y_400mf float32 latency without_channels_last_jit 1472.099
broad_vision regnet_y_800mf float32 latency without_channels_last_jit 980.412
broad_vision regnet_y_1_6gf float32 latency without_channels_last_jit 652.090
broad_vision regnet_y_3_2gf float32 latency without_channels_last_jit 339.704
broad_vision regnet_y_8gf float32 latency without_channels_last_jit 125.397
broad_vision regnet_y_16gf float32 latency without_channels_last_jit 67.622
broad_vision regnet_y_32gf float32 latency without_channels_last_jit 25.338
broad_vision regnet_x_400mf float32 latency without_channels_last_jit 1824.857
broad_vision regnet_x_800mf float32 latency without_channels_last_jit 1078.499
broad_vision regnet_x_1_6gf float32 latency without_channels_last_jit 569.044
broad_vision regnet_x_3_2gf float32 latency without_channels_last_jit 396.386
broad_vision regnet_x_8gf float32 latency without_channels_last_jit 179.198
broad_vision regnet_x_16gf float32 latency without_channels_last_jit 80.231
broad_vision regnet_x_32gf float32 latency without_channels_last_jit 24.930
